<?xml version="1.0" encoding="UTF-8"?>
<!-- Generated by org.testng.reporters.JUnitReportReporter -->
<testsuite skipped="0" hostname="CBT-MH-000" name="net.PHP.Travels.TestLogin" tests="1" failures="0" timestamp="31 Oct 2019 06:36:23 GMT" time="4.183" errors="0">
  <testcase name="runtest" time="4.183" classname="net.PHP.Travels.TestLogin"/>
</testsuite> <!-- net.PHP.Travels.TestLogin -->
